Build started 20/10/2015 23:48:09.
     1>Project "C:\Users\XxX_DEATH_LORD_1337\Documents\Advanced Global Illumination and Rendering\Project\TNCG15\agir\agir\agir.vcxproj" on node 2 (Build target(s)).
     1>ClCompile:
         C:\Program Files (x86)\Microsoft Visual Studio 12.0\VC\bin\CL.exe /c /I"C:\Users\XxX_DEATH_LORD_1337\Documents\Advanced Global Illumination and Rendering\Project\TNCG15\glm-0.9.7.1\glm\glm" /ZI /nologo /W3 /WX- /sdl /Od /Oy- /D _MBCS /Gm /EHsc /RTC1 /MDd /GS /fp:precise /Zc:wchar_t /Zc:forScope /Fo"Debug\\" /Fd"Debug\vc120.pdb" /Gd /TP /analyze- /errorReport:prompt Camera.cpp Color.cpp Image.cpp Light.cpp main.cpp Object3D.cpp Ray.cpp Sphere3D.cpp World.cpp
         World.cpp
         Sphere3D.cpp
         Ray.cpp
         Object3D.cpp
         main.cpp
     1>c:\users\xxx_death_lord_1337\documents\advanced global illumination and rendering\project\tncg15\agir\agir\main.cpp(19): error C2780: 'glm::tmat4x4<T,P> glm::translate(const glm::tmat4x4<T,P> &,const glm::tvec3<T,P> &)' : expects 2 arguments - 3 provided
                 c:\users\xxx_death_lord_1337\documents\advanced global illumination and rendering\project\tncg15\glm-0.9.7.1\glm\glm\gtc\matrix_transform.hpp(87) : see declaration of 'glm::translate'
     1>c:\users\xxx_death_lord_1337\documents\advanced global illumination and rendering\project\tncg15\agir\agir\main.cpp(19): error C2661: 'glm::tvec4<float,0>::tvec4' : no overloaded function takes 3 arguments
     1>c:\users\xxx_death_lord_1337\documents\advanced global illumination and rendering\project\tncg15\agir\agir\main.cpp(19): error C2664: 'Sphere3D::Sphere3D(const Sphere3D &)' : cannot convert argument 1 from 'float' to 'const Sphere3D &'
                 Reason: cannot convert from 'float' to 'const Sphere3D'
                 No constructor could take the source type, or constructor overload resolution was ambiguous
         Light.cpp
         Image.cpp
         Color.cpp
         Camera.cpp
     1>c:\users\xxx_death_lord_1337\documents\advanced global illumination and rendering\project\tncg15\agir\agir\camera.cpp(102): warning C4018: '<' : signed/unsigned mismatch
         Generating Code...
     1>Done Building Project "C:\Users\XxX_DEATH_LORD_1337\Documents\Advanced Global Illumination and Rendering\Project\TNCG15\agir\agir\agir.vcxproj" (Build target(s)) -- FAILED.

Build FAILED.

Time Elapsed 00:00:16.65
